\BOOKMARK [1][-]{section.1}{\376\377\0001\000\040\000S\000p\000i\000n\000\040\000C\000u\000r\000r\000e\000n\000t}{}% 1
\BOOKMARK [2][-]{subsection.1.1}{\376\377\0001\000.\0001\000\040\000C\000o\000n\000s\000e\000r\000v\000a\000t\000i\000o\000n\000\040\000o\000f\000\040\000A\000n\000g\000u\000l\000a\000r\000\040\000M\000o\000m\000e\000n\000t\000u\000m\000\040\000a\000n\000d\000\040\000S\000p\000i\000n\000\040\000c\000u\000r\000r\000e\000n\000t}{section.1}% 2
\BOOKMARK [2][-]{subsection.1.2}{\376\377\0001\000.\0002\000\040\000S\000p\000i\000n\000\040\000R\000e\000l\000a\000x\000a\000t\000i\000o\000n}{section.1}% 3
\BOOKMARK [2][-]{subsection.1.3}{\376\377\0001\000.\0003\000\040\000C\000u\000n\000d\000u\000c\000t\000i\000o\000n\000-\000e\000l\000e\000c\000t\000r\000o\000n\000\040\000S\000p\000i\000n\000\040\000C\000u\000r\000r\000e\000n\000t}{section.1}% 4
\BOOKMARK [1][-]{section.2}{\376\377\0002\000\040\000S\000p\000i\000n\000\040\000D\000y\000n\000a\000m\000i\000c\000s\000\040\000i\000n\000\040\000S\000o\000l\000i\000d\000s}{}% 5
\BOOKMARK [2][-]{subsection.2.1}{\376\377\0002\000.\0001\000\040\000L\000L\000G\000\040\000e\000q\000u\000a\000t\000i\000o\000n}{section.2}% 6
\BOOKMARK [2][-]{subsection.2.2}{\376\377\0002\000.\0002\000\040\000E\000x\000c\000h\000a\000n\000g\000e\000\040\000S\000p\000i\000n\000\040\000C\000u\000r\000r\000e\000n\000t}{section.2}% 7
\BOOKMARK [2][-]{subsection.2.3}{\376\377\0002\000.\0003\000\040\000S\000p\000i\000n\000-\000w\000a\000v\000e\000\040\000S\000p\000i\000n\000\040\000C\000u\000r\000r\000e\000n\000t\000\040\000a\000n\000d\000\040\000M\000a\000g\000n\000o\000n}{section.2}% 8
\BOOKMARK [2][-]{subsection.2.4}{\376\377\0002\000.\0004\000\040\000S\000p\000i\000n\000\040\000T\000o\000r\000q\000u\000e}{section.2}% 9
\BOOKMARK [2][-]{subsection.2.5}{\376\377\0002\000.\0005\000\040\000S\000p\000i\000n\000\040\000P\000u\000m\000p\000i\000n\000g}{section.2}% 10
\BOOKMARK [3][-]{subsubsection.2.5.1}{\376\377\0002\000.\0005\000.\0001\000\040\060\271\060\324\060\363\204\304\172\115}{subsection.2.5}% 11
\BOOKMARK [3][-]{subsubsection.2.5.2}{\376\377\0002\000.\0005\000.\0002\000\040\060\271\060\324\060\363\060\335\060\363\060\324\060\363\060\260}{subsection.2.5}% 12
\BOOKMARK [1][-]{section.3}{\376\377\0003\000\040\000H\000o\000w\000\040\000t\000o\000\040\000i\000n\000d\000u\000c\000e\000\040\000S\000p\000i\000n\000\040\000C\000u\000r\000r\000e\000n\000t\000?}{}% 13
\BOOKMARK [2][-]{subsection.3.1}{\376\377\0003\000.\0001\000\040\000S\000p\000i\000n\000\040\000H\000a\000l\000l\000\040\000e\000f\000f\000e\000c\000t}{section.3}% 14
\BOOKMARK [2][-]{subsection.3.2}{\376\377\0003\000.\0002\000\040\000S\000p\000i\000n\000\040\000R\000a\000s\000h\000b\000a\000\040\000e\000f\000f\000e\000c\000t}{section.3}% 15
\BOOKMARK [2][-]{subsection.3.3}{\376\377\0003\000.\0003\000\040\000L\000i\000g\000h\000t\000-\000i\000n\000d\000u\000c\000e\000d\000\040\000S\000p\000i\000n\000\040\000C\000u\000r\000r\000e\000n\000t}{section.3}% 16
\BOOKMARK [2][-]{subsection.3.4}{\376\377\0003\000.\0004\000\040\000S\000p\000i\000n\000\040\000S\000e\000e\000b\000e\000c\000k\000\040\000e\000f\000f\000e\000c\000t}{section.3}% 17
\BOOKMARK [1][-]{section.4}{\376\377\0004\000\040\000H\000o\000w\000\040\000t\000o\000\040\000m\000e\000a\000s\000u\000r\000e\000\040\000S\000p\000i\000n\000\040\000C\000u\000r\000r\000e\000n\000t\000?}{}% 18
\BOOKMARK [1][-]{section.5}{\376\377\0005\000\040\000O\000r\000b\000i\000t\000a\000l\000\040\000C\000u\000r\000r\000e\000n\000t}{}% 19
\BOOKMARK [1][-]{section.6}{\376\377\0006\000\040\000O\000r\000b\000i\000t\000r\000o\000n\000i\000c\000s}{}% 20
